2021-12-18 22:46:16.800520 show friends page visited
2021-12-18 22:46:16.930520 show friends page visited
2021-12-18 22:46:17.954943 main page visited
2021-12-18 22:46:18.639102 add post page visited
2021-12-18 22:46:19.971977 main page visited
2021-12-18 22:46:20.717755 add friend page visited
2021-12-18 22:46:22.346912 main page visited
2021-12-18 23:08:04.022544 main page visited
2021-12-18 23:08:06.542751 show friends page visited
2021-12-18 23:11:38.598545 show friends page visited
2021-12-18 23:11:39.608935 show friends page visited
2021-12-18 23:14:22.526558 show friends page visited
2021-12-18 23:14:35.595763 show friends page visited
2021-12-18 23:14:36.585933 show friends page visited
2021-12-18 23:14:37.884586 main page visited
2021-12-18 23:14:39.698937 show friends page visited
2021-12-18 23:15:35.295492 show friends page visited
2021-12-18 23:16:02.462147 show friends page visited
2021-12-18 23:16:47.959015 show friends page visited
2021-12-18 23:16:49.035687 show friends page visited
2021-12-18 23:17:03.045818 show friends page visited
2021-12-18 23:17:49.675522 show friends page visited
2021-12-18 23:17:57.979068 show friends page visited
2021-12-18 23:18:09.899597 show friends page visited
2021-12-18 23:18:32.955272 main page visited
2021-12-19 00:09:13.633409 main page visited
2021-12-19 00:11:09.315352 add post page visited
2021-12-19 00:11:19.398029 added post
2021-12-19 00:11:19.436028 main page visited
2021-12-19 00:12:40.689723 <WSGIRequest: GET '/home/'>
2021-12-19 00:12:47.956698 add friend page visited
2021-12-19 00:12:50.153757 <WSGIRequest: GET '/home/'>
2021-12-19 00:12:52.715042 <WSGIRequest: GET '/home/'>
2021-12-19 00:12:54.437543 add post page visited
2021-12-19 00:12:55.442836 <WSGIRequest: GET '/home/'>
2021-12-19 00:31:38.662452 main page visited
2021-12-19 00:31:48.502964 add comment page visited
2021-12-19 00:31:54.173338 added comment to post id=3
2021-12-19 00:31:54.201340 main page visited
2022-01-13 10:06:09.816341 main page visited
2022-01-13 10:16:51.415987 main page visited
2022-01-13 10:17:26.982858 main page visited
2022-01-13 10:34:42.817302 main page visited
2022-01-13 10:39:29.532717 main page visited
2022-01-13 10:39:36.038894 add post page visited
2022-01-13 10:39:38.358566 added post
2022-01-13 10:39:38.401566 main page visited
2022-01-13 10:39:56.682089 show friends page visited
2022-01-13 10:39:58.053808 main page visited
2022-01-13 10:40:27.369121 main page visited
2021-12-20 10:34:36.288696 main page visited
2021-12-20 10:34:39.707116 show friends page visited
2021-12-20 10:35:29.582040 main page visited
2021-12-20 10:35:32.221372 add comment page visited
2021-12-20 10:35:39.883925 added comment to post id=1
2021-12-20 10:35:39.908886 main page visited
2021-12-20 10:43:09.257782 show friends page visited
2021-12-20 10:45:52.978050 show friends page visited
2021-12-20 10:46:06.337459 show friends page visited
2021-12-20 10:46:13.244983 show friends page visited
2021-12-20 10:47:37.623359 show friends page visited
2021-12-20 10:47:45.095066 show friends page visited
2021-12-20 10:48:29.642764 show friends page visited
2021-12-20 10:48:40.419994 show friends page visited
2021-12-20 10:48:50.624530 show friends page visited
2021-12-20 10:48:51.505840 show friends page visited
2021-12-20 10:48:54.641809 show friends page visited
2021-12-20 10:49:32.985578 show friends page visited
2021-12-20 10:49:40.961654 show friends page visited
2021-12-20 10:50:09.208098 show friends page visited
2021-12-20 10:52:28.782252 show friends page visited
2021-12-20 10:52:59.158887 show friends page visited
2021-12-20 10:53:15.710377 show friends page visited
2021-12-20 10:53:27.396549 show friends page visited
2021-12-20 10:54:27.752661 show friends page visited
2021-12-20 10:54:59.995949 show friends page visited
2021-12-20 10:55:59.531449 show friends page visited
2021-12-20 10:57:04.788306 show friends page visited
2021-12-20 10:57:15.337383 show friends page visited
2021-12-20 10:58:34.790705 show friends page visited
2021-12-20 10:59:01.799424 show friends page visited
2021-12-20 10:59:07.008595 show friends page visited
2022-01-13 09:44:25.676854 main page visited
2022-01-13 09:44:30.046695 main page visited
2022-01-13 09:44:31.434014 show friends page visited
2022-01-13 09:44:34.957541 main page visited
2022-01-13 09:44:36.142989 add post page visited
2022-01-13 09:44:59.363239 added post
2022-01-13 09:44:59.393186 main page visited
2022-01-13 09:45:02.321805 main page visited
2022-01-13 09:47:22.569432 add post page visited
2022-01-13 09:47:24.384285 main page visited
2022-01-13 09:47:25.641945 add friend page visited
2022-01-13 09:47:27.618064 main page visited
2022-01-13 09:51:25.485270 add comment page visited
2022-01-13 09:51:37.032841 added comment to post id=13
2022-01-13 09:51:37.060770 main page visited
2022-01-13 10:01:54.069899 main page visited
2022-01-13 10:12:25.696329 main page visited
2022-01-13 10:12:34.596453 main page visited
2022-01-13 10:12:42.090948 show friends page visited
2022-01-13 10:12:47.868336 main page visited
2022-01-13 10:12:51.154202 show friends page visited
2022-01-13 10:12:58.744244 main page visited
2022-01-13 10:13:00.869060 add post page visited
2022-01-13 10:13:22.546715 added post
2022-01-13 10:13:22.587608 main page visited
2022-01-13 10:13:30.361865 add comment page visited
2022-01-13 10:13:37.194229 added comment to post id=17
2022-01-13 10:13:37.221157 main page visited
2022-01-13 10:13:41.613580 add comment page visited
2022-01-13 10:13:43.544606 main page visited
2022-01-13 10:15:56.137758 add post page visited
2022-01-13 10:17:29.910036 Krewetka added to friends
2022-01-13 10:43:32.185944 main page visited
2022-01-13 11:49:22.733215 main page visited
2022-01-13 19:26:10.997932 main page visited
2022-01-13 19:26:15.940888 add post page visited
2022-01-13 19:26:45.809310 added post
2022-01-13 19:26:45.863314 main page visited
2022-01-13 19:26:48.189543 add comment page visited
2022-01-13 19:26:50.330220 added comment to post id=1
2022-01-13 19:26:50.358222 main page visited
2022-01-13 19:27:23.040324 add post page visited
2022-01-13 19:27:26.302007 added post
2022-01-13 19:27:26.338006 main page visited
2022-01-13 19:27:29.373222 add comment page visited
2022-01-13 19:27:30.860416 added comment to post id=2
2022-01-13 19:27:30.890414 main page visited
2022-01-13 19:30:58.790008 main page visited
2022-01-13 19:31:01.315733 add comment page visited
2022-01-13 19:31:06.443446 main page visited
